2017-08-07 19:51:00 - INFO
Testchamber 16 initialized
Number of portals set to seven
2017-08-07 19:51:02 - ERROR
Test subject glitched through catcher
Cake reward will be reduced
2017-08-07 19:51:07 - INFO
Testchamber 17 initialized
Test subject entered with fully upgraded Portal Gun
2017-08-07 19:51:09 - ERROR
.....<bzzzt>.....>...$%&...:!
<reboot initi.... cake...%%&/(
2017-08-07 19:57:35 - WARNING
Test subject refused to euthenize Companion Cube
Waiting two more minutes
2017-08-07 19:57:35 - FATAL
Test subject reached sanctuary
Initiating defenses
Deploying turrets
2017-08-07 19:57:37 - ERROR - but only one line really