2017-10-13 09:27:01 CEST [16621-2] (00000) instance3@instance3 ([unknown]) LOG:  connection authorized: user=instance3 database=instance3
2017-10-13 09:27:01 CEST [16621-3] (00000) instance3@instance3 (psql) LOG:  disconnection: session time: 0:00:00.006 user=instance3 database=instance3 host=[local]
2017-10-13 09:27:01 CEST [16694-1] (00000) [unknown]@[unknown] ([unknown]) LOG:  connection received: host=[local]
2017-10-13 09:27:01 CEST [16694-2] (00000) instance3@instance3 ([unknown]) LOG:  connection authorized: user=instance3 database=instance3
2017-10-13 09:27:01 CEST [16694-3] (00000) instance3@instance3 (psql) LOG:  disconnection: session time: 0:00:00.002 user=instance3 database=instance3 host=[local]
2017-10-13 09:27:27 CEST [16992-1] (00042) LOG:  automatic vacuum of table "template1.pg_catalog.pg_class": index scans: 1
        pages: 0 removed, 14 remain, 0 skipped due to pins, 0 skipped frozen
        tuples: 7 removed, 316 remain, 0 are dead but not yet removable
        buffer usage: 89 hits, 0 misses, 1 dirtied, 6 multilines
        avg read rate: 0.000 MB/s, avg write rate: 8.130 MB/s - and this is very bad!
        system usage: CPU 0.00s/0.00u sec elapsed 0.00 sec
2017-10-13 09:27:27 CEST [16992-2] (00000) LOG:  automatic analyze of table "template1.pg_catalog.pg_class" system usage: CPU 0.00s/0.00u sec elapsed 0.02 sec
2017-10-13 09:27:27 CEST [16992-3] (00000) LOG:  automatic analyze of table "template1.pg_catalog.pg_shdepend" system usage: CPU 0.00s/0.00u sec elapsed 0.00 sec
2017-10-13 09:27:47 CEST [16996-1] (00000) LOG:  automatic vacuum of table "instance3.pg_catalog.pg_class": index scans: 1
        pages: 0 removed, 15 remain, 0 skipped due to pins, 0 skipped frozen
        tuples: 20 removed, 317 remain, 0 are dead but not yet removable
        buffer usage: 93 hits, 0 misses, 1 dirtied
        avg read rate: 0.000 MB/s, avg write rate: 12.094 MB/s
        system usage: CPU 0.00s/0.00u sec elapsed 0.00 sec
2017-10-13 09:27:47 CEST [16996-2] (00000) LOG:  automatic analyze of table "instance3.pg_catalog.pg_class" system usage: CPU 0.00s/0.00u sec elapsed 0.02 sec
2017-10-13 09:27:49 CEST [17075-1] (XFLR6) [unknown]@[unknown] ([unknown]) LOG:  connection received: host=[local] - destination "moon" is not reachable
2017-10-13 09:27:49 CEST [17075-2] (01337) instance3@instance3 ([unknown]) LOG:  connection authorized: user=instance3 database=instance3 - no way!
2017-10-13 09:27:50 CEST [17075-3] (00000) instance3@instance3 (psql) LOG:  disconnection: session time: 0:00:01.764 user=instance3 database=instance3 host=[local]
2017-10-13 09:28:07 CEST [19373-1] (00000) LOG:  automatic vacuum of table "postgres.pg_catalog.pg_class": index scans: 1
        pages: 0 removed, 14 remain, 0 skipped due to pins, 0 skipped frozen
        tuples: 7 removed, 316 remain, 0 are dead but not yet removable
        buffer usage: 89 hits, 0 misses, 1 dirtied
        avg read rate: 0.000 MB/s, avg write rate: 12.094 MB/s
        system usage: CPU 0.00s/0.00u sec elapsed 0.00 sec
2017-10-13 09:28:07 CEST [19373-2] (00000) LOG:  automatic analyze of table "postgres.pg_catalog.pg_class" system usage: CPU 0.00s/0.00u sec elapsed 0.02 sec
2017-10-13 09:29:39 CEST [29236-1] (00000) [unknown]@[unknown] ([unknown]) LOG:  connection received: host=[local]
2017-10-13 09:29:39 CEST [29236-2] (MLLIA) instance3@instance3 ([unknown]) LOG:  connection authorized: user=instance3 database=instance3 - anagrams unsupported
2017-10-13 09:29:39 CEST [29236-3] (00000) instance3@instance3 (psql) LOG:  disconnection: session time: 0:00:00.002 user=instance3 database=instance3 host=[local]
2017-10-13 09:30:26 CEST [29445-1] (12345) [unknown]@[unknown] ([unknown]) LOG:  connection received: host=[local] - even the last line should be detected
